<?xml version="1.0" encoding="UTF-8"?><testrun name="TestRunner" project="Traning" tests="2" started="2" failures="0" errors="1" ignored="0">
  <testsuite name="testrunner.TestRunner" time="0.326">
    <testsuite name="Google Search" time="0.326">
      <testcase name="Print all search results" classname="Google Search" time="0.244"/>
      <testcase name="Print all autosuggestions" classname="Google Search" time="0.082">
        <error>io.cucumber.junit.UndefinedStepException: The step 'user print all the autosuggetions' is undefined.
You can implement this step using the snippet(s) below:

@Then("user print all the autosuggetions")
public void user_print_all_the_autosuggetions() {
    // Write code here that turns the phrase above into concrete actions
    throw new io.cucumber.java.PendingException();
}
&#13;
&#13;
</error>
      </testcase>
    </testsuite>
  </testsuite>
</testrun>
